<?xml version="1.0" encoding="UTF-8"?>
<!-- Generated by org.testng.reporters.JUnitXMLReporter -->
<testsuite ignored="1" hostname="IDS-Dineshkumart" failures="1" tests="3" name="Test(failed)" time="14.206" errors="0" timestamp="2024-02-11T20:41:00 IST">
  <testcase classname="com.test.LoginTest" name="TC002" time="7.426"/>
  <testcase classname="com.test.LoginTest" name="TC003" time="6.656"/>
  <testcase classname="com.test.LoginTest" name="TC004" time="0.0">
    <failure type="org.testng.TestNGException" message="
Parameter &amp;apos;username3&amp;apos; is required by @Test on method TC004 but has not been marked @Optional or defined
in C:\Users\DineshkumarThirunavu\eclipse-workspace\TestNG_POC\test-output\testng-failed.xml">
      <![CDATA[org.testng.TestNGException: 
Parameter 'username3' is required by @Test on method TC004 but has not been marked @Optional or defined
in C:\Users\DineshkumarThirunavu\eclipse-workspace\TestNG_POC\test-output\testng-failed.xml
at java.base/java.util.ArrayList.forEach(ArrayList.java:1511)
... Removed 26 stack frames]]>
    </failure>
  </testcase> <!-- TC004 -->
  <testcase classname="com.test.LoginTest" name="TC001" time="0.0">
    <ignored/>
  </testcase> <!-- TC001 -->
</testsuite> <!-- Test(failed) -->
